0 info it worked if it ends with ok
1 verbose cli [ '/usr/local/Cellar/node/7.3.0/bin/node',
1 verbose cli   '/usr/local/bin/npm',
1 verbose cli   'publish' ]
2 info using npm@3.10.10
3 info using node@v7.3.0
4 verbose publish [ '.' ]
5 silly cache add args [ '.', null ]
6 verbose cache add spec .
7 silly cache add parsed spec Result {
7 silly cache add   raw: '.',
7 silly cache add   scope: null,
7 silly cache add   escapedName: null,
7 silly cache add   name: null,
7 silly cache add   rawSpec: '.',
7 silly cache add   spec: '/Users/oliverfriedmann/Projects/Beta/betajs-media-components',
7 silly cache add   type: 'directory' }
8 verbose addLocalDirectory /Users/oliverfriedmann/.npm/betajs-media-components/0.0.42/package.tgz not in flight; packing
9 verbose correctMkdir /Users/oliverfriedmann/.npm correctMkdir not in flight; initializing
10 info lifecycle betajs-media-components@0.0.42~prepublish: betajs-media-components@0.0.42
11 silly lifecycle betajs-media-components@0.0.42~prepublish: no script for prepublish, continuing
12 verbose tar pack [ '/Users/oliverfriedmann/.npm/betajs-media-components/0.0.42/package.tgz',
12 verbose tar pack   '/Users/oliverfriedmann/Projects/Beta/betajs-media-components' ]
13 verbose tarball /Users/oliverfriedmann/.npm/betajs-media-components/0.0.42/package.tgz
14 verbose folder /Users/oliverfriedmann/Projects/Beta/betajs-media-components
15 verbose addLocalTarball adding from inside cache /Users/oliverfriedmann/.npm/betajs-media-components/0.0.42/package.tgz
16 verbose correctMkdir /Users/oliverfriedmann/.npm correctMkdir not in flight; initializing
17 silly cache afterAdd betajs-media-components@0.0.42
18 verbose afterAdd /Users/oliverfriedmann/.npm/betajs-media-components/0.0.42/package/package.json not in flight; writing
19 verbose correctMkdir /Users/oliverfriedmann/.npm correctMkdir not in flight; initializing
20 verbose afterAdd /Users/oliverfriedmann/.npm/betajs-media-components/0.0.42/package/package.json written
21 silly publish { homepage: 'http://betajs.com',
21 silly publish   license: 'Apache-2.0',
21 silly publish   licenses:
21 silly publish    [ { type: 'Apache-2.0',
21 silly publish        url: 'https://github.com/betajs/betajs-media-components/blob/master/LICENSE' } ],
21 silly publish   author: { name: 'BetaJS', email: 'info@betajs.com' },
21 silly publish   bugs: { url: 'https://github.com/betajs/betajs-media-components/issues' },
21 silly publish   name: 'betajs-media-components',
21 silly publish   version: '0.0.42',
21 silly publish   description: 'BetaJS-Media-Components is a JavaScript media UI components framework',
21 silly publish   contributors: [ { name: 'Ziggeo' }, { name: 'Oliver Friedmann' } ],
21 silly publish   devDependencies:
21 silly publish    { lodash: '',
21 silly publish      grunt: '',
21 silly publish      'grunt-contrib-jshint': '',
21 silly publish      'grunt-contrib-concat': '',
21 silly publish      'grunt-contrib-uglify': '',
21 silly publish      'grunt-contrib-clean': '',
21 silly publish      'grunt-contrib-copy': '',
21 silly publish      'grunt-preprocess': '',
21 silly publish      'grunt-closure-tools': '',
21 silly publish      'grunt-node-qunit': '',
21 silly publish      qunit: '',
21 silly publish      jsdom: '',
21 silly publish      'js-yaml': '',
21 silly publish      'grunt-contrib-sass': '',
21 silly publish      'grunt-contrib-cssmin': '',
21 silly publish      'grunt-contrib-csslint': '',
21 silly publish      'grunt-contrib-connect': '',
21 silly publish      '@google-cloud/translate': '',
21 silly publish      'grunt-jsdoc': '',
21 silly publish      'grunt-shell': '',
21 silly publish      'grunt-yaml': '',
21 silly publish      'grunt-template': '',
21 silly publish      he: '',
21 silly publish      'nano-media-server': '~0.0.3',
21 silly publish      'grunt-betajs-docs-compile': '~0.0.19',
21 silly publish      'betajs-scoped': '~0.0.13',
21 silly publish      'betajs-compile': '~0.0.28',
21 silly publish      'betajs-shims': '~0.0.12',
21 silly publish      betajs: '~1.0.96',
21 silly publish      'betajs-browser': '~1.0.61',
21 silly publish      'betajs-flash': '~0.0.18',
21 silly publish      'betajs-media': '~0.0.42',
21 silly publish      'betajs-dynamics': '~0.0.83',
21 silly publish      'grunt-betajs-templates': '~0.1.11' },
21 silly publish   main: 'dist/betajs-media-components.js',
21 silly publish   repository:
21 silly publish    { type: 'git',
21 silly publish      url: 'git://github.com/betajs/betajs-media-components.git' },
21 silly publish   meta:
21 silly publish    { blog: 'http://blog.betajs.com',
21 silly publish      twitter: 'http://twitter.com/thebetajs',
21 silly publish      sponsors: [ 'Ziggeo', 'Browserstack' ],
21 silly publish      guid: '7a20804e-be62-4982-91c6-98eb096d2e70',
21 silly publish      installdoc: 'docsrc/common/install.md',
21 silly publish      summarydoc: 'docsrc/common/summary.md',
21 silly publish      badges: { codeclimate: true, travis: false, npm: true, gitter: true },
21 silly publish      weakDependencies:
21 silly publish       { 'betajs-scoped': 'https://github.com/betajs/betajs-scoped',
21 silly publish         'betajs-shims': 'https://github.com/betajs/betajs-shims' },
21 silly publish      dependencies:
21 silly publish       { betajs: 'https://github.com/betajs/betajs',
21 silly publish         'betajs-browser': 'https://github.com/betajs/betajs-browser',
21 silly publish         'betajs-flash': 'https://github.com/betajs/betajs-flash',
21 silly publish         'betajs-media': 'https://github.com/betajs/betajs-media',
21 silly publish         'betajs-dynamics': 'https://github.com/betajs/betajs-dynamics' },
21 silly publish      compatability:
21 silly publish       { Firefox: '4 - Latest',
21 silly publish         Chrome: '18 - Latest',
21 silly publish         Safari: '4 - Latest',
21 silly publish         Opera: '12 - Latest',
21 silly publish         'Internet Explorer': '8 - Latest',
21 silly publish         Edge: '12 - Latest',
21 silly publish         iOS: '4.0 - Latest',
21 silly publish         Android: '2.3 - Latest' },
21 silly publish      tests: { 'Test Suite': 'http://rawgit.com/betajs/betajs-media-components/master/tests/tests.html' },
21 silly publish      cdn:
21 silly publish       { 'betajs-media-components.js': 'http://cdn.rawgit.com/betajs/betajs-media/master/dist/betajs-media-components.js',
21 silly publish         'betajs-media-components.min.js': 'http://cdn.rawgit.com/betajs/betajs-media/master/dist/betajs-media-components.min.js',
21 silly publish         'betajs-media-components-noscoped.js': 'http://cdn.rawgit.com/betajs/betajs-media/master/dist/betajs-media-components-noscoped.js',
21 silly publish         'betajs-media-components-noscoped.min.js': 'http://cdn.rawgit.com/betajs/betajs-media/master/dist/betajs-media-components-noscoped.min.js' } },
21 silly publish   readme: '# betajs-media-components 0.0.42\n[![Code Climate](https://codeclimate.com/github/betajs/betajs-media-components/badges/gpa.svg)](https://codeclimate.com/github/betajs/betajs-media-components)\n[![NPM](https://img.shields.io/npm/v/betajs-media-components.svg?style=flat)](https://www.npmjs.com/package/betajs-media-components)\n[![Gitter Chat](https://badges.gitter.im/betajs/betajs-media-components.svg)](https://gitter.im/betajs/betajs-media-components)\n\nBetaJS-Media-Components is a JavaScript media UI components framework\n\n\n\n## Getting Started\n\n\nYou can use the library in the browser and compile it as well.\n\n#### Browser\n\n```javascript\n\t<script src="http://ajax.googleapis.com/ajax/libs/jquery/1.9.1/jquery.min.js"></script>\n\t<script src="betajs/dist/betajs.min.js"></script>\n\t<script src="betajs-browser/dist/betajs-browser.min.js"></script>\n\t<script src="betajs-flash/dist/betajs-flash.min.js"></script>\n\t<script src="betajs-media/dist/betajs-media.min.js"></script>\n\t<script src="betajs-dynamics/dist/betajs-dynamics.min.js"></script>\n\t<script src="betajs-media-components/dist/betajs-media-components.min.js"></script>\n``` \n\n#### Compile\n\n```javascript\n\tgit clone https://github.com/betajs/betajs-media-components.git\n\tnpm install\n\tgrunt\n```\n\n\n\n## Basic Usage\n\n\n```html\n\n\t<ba-videoplayer ba-poster="sample-cover.png" ba-source="sample-video.mp4" ba-theme="modern"></ba-videoplayer>\n```\n\n```js\n\n\t// For fallback\n    BetaJS.Flash.options = {\n        flashFile: "betajs-flash.swf"\n    };\n    \n    BetaJS.Dynamics.Dynamic.activate();\n    \n```\n\n\n\n## Links\n| Resource   | URL |\n| :--------- | --: |\n| Homepage   | [http://betajs.com](http://betajs.com) |\n| Git        | [git://github.com/betajs/betajs-media-components.git](git://github.com/betajs/betajs-media-components.git) |\n| Repository | [https://github.com/betajs/betajs-media-components](https://github.com/betajs/betajs-media-components) |\n| Blog       | [http://blog.betajs.com](http://blog.betajs.com) | \n| Twitter    | [http://twitter.com/thebetajs](http://twitter.com/thebetajs) | \n| Gitter     | [https://gitter.im/betajs/betajs-media-components](https://gitter.im/betajs/betajs-media-components) | \n\n\n\n## Compatability\n| Target | Versions |\n| :----- | -------: |\n| Firefox | 4 - Latest |\n| Chrome | 18 - Latest |\n| Safari | 4 - Latest |\n| Opera | 12 - Latest |\n| Internet Explorer | 8 - Latest |\n| Edge | 12 - Latest |\n| iOS | 4.0 - Latest |\n| Android | 2.3 - Latest |\n\n\n## CDN\n| Resource | URL |\n| :----- | -------: |\n| betajs-media-components.js | [http://cdn.rawgit.com/betajs/betajs-media/master/dist/betajs-media-components.js](http://cdn.rawgit.com/betajs/betajs-media/master/dist/betajs-media-components.js) |\n| betajs-media-components.min.js | [http://cdn.rawgit.com/betajs/betajs-media/master/dist/betajs-media-components.min.js](http://cdn.rawgit.com/betajs/betajs-media/master/dist/betajs-media-components.min.js) |\n| betajs-media-components-noscoped.js | [http://cdn.rawgit.com/betajs/betajs-media/master/dist/betajs-media-components-noscoped.js](http://cdn.rawgit.com/betajs/betajs-media/master/dist/betajs-media-components-noscoped.js) |\n| betajs-media-components-noscoped.min.js | [http://cdn.rawgit.com/betajs/betajs-media/master/dist/betajs-media-components-noscoped.min.js](http://cdn.rawgit.com/betajs/betajs-media/master/dist/betajs-media-components-noscoped.min.js) |\n\n\n## Unit Tests\n| Resource | URL |\n| :----- | -------: |\n| Test Suite | [Run](http://rawgit.com/betajs/betajs-media-components/master/tests/tests.html) |\n\n\n## Dependencies\n| Name | URL |\n| :----- | -------: |\n| betajs | [Open](https://github.com/betajs/betajs) |\n| betajs-browser | [Open](https://github.com/betajs/betajs-browser) |\n| betajs-flash | [Open](https://github.com/betajs/betajs-flash) |\n| betajs-media | [Open](https://github.com/betajs/betajs-media) |\n| betajs-dynamics | [Open](https://github.com/betajs/betajs-dynamics) |\n\n\n## Weak Dependencies\n| Name | URL |\n| :----- | -------: |\n| betajs-scoped | [Open](https://github.com/betajs/betajs-scoped) |\n| betajs-shims | [Open](https://github.com/betajs/betajs-shims) |\n\n\n## Main Contributors\n\n- Ziggeo\n- Oliver Friedmann\n\n## License\n\nApache-2.0\n\n\n\n\n\n\n## Sponsors\n\n- Ziggeo\n- Browserstack\n\n\n',
21 silly publish   readmeFilename: 'README.md',
21 silly publish   gitHead: 'aaf1b1a18a5b6bd6d62f66f7f717d620405c961f',
21 silly publish   _id: 'betajs-media-components@0.0.42',
21 silly publish   scripts: {},
21 silly publish   _shasum: '66000a789f69731f913f6d6233c4b7f96b57247b',
21 silly publish   _from: '.' }
22 verbose getPublishConfig undefined
23 silly mapToRegistry name betajs-media-components
24 silly mapToRegistry using default registry
25 silly mapToRegistry registry https://registry.npmjs.org/
26 silly mapToRegistry data Result {
26 silly mapToRegistry   raw: 'betajs-media-components',
26 silly mapToRegistry   scope: null,
26 silly mapToRegistry   escapedName: 'betajs-media-components',
26 silly mapToRegistry   name: 'betajs-media-components',
26 silly mapToRegistry   rawSpec: '',
26 silly mapToRegistry   spec: 'latest',
26 silly mapToRegistry   type: 'tag' }
27 silly mapToRegistry uri https://registry.npmjs.org/betajs-media-components
28 verbose publish registryBase https://registry.npmjs.org/
29 silly publish uploading /Users/oliverfriedmann/.npm/betajs-media-components/0.0.42/package.tgz
30 verbose request uri https://registry.npmjs.org/betajs-media-components
31 verbose request sending authorization for write operation
32 info attempt registry request try #1 at 3:00:39 PM
33 verbose request using bearer token for auth
34 verbose request id 05b0bf27caabe6bd
35 http request PUT https://registry.npmjs.org/betajs-media-components
36 http 403 https://registry.npmjs.org/betajs-media-components
37 verbose headers { 'content-type': 'application/json',
37 verbose headers   'cache-control': 'max-age=300',
37 verbose headers   'content-length': '96',
37 verbose headers   'accept-ranges': 'bytes',
37 verbose headers   date: 'Tue, 31 Jan 2017 20:01:23 GMT',
37 verbose headers   via: '1.1 varnish',
37 verbose headers   connection: 'keep-alive',
37 verbose headers   'x-served-by': 'cache-jfk8148-JFK',
37 verbose headers   'x-cache': 'MISS',
37 verbose headers   'x-cache-hits': '0',
37 verbose headers   'x-timer': 'S1485892839.934570,VS0,VE43679',
37 verbose headers   vary: 'Accept-Encoding' }
38 verbose request invalidating /Users/oliverfriedmann/.npm/registry.npmjs.org/betajs-media-components on PUT
39 error publish Failed PUT 403
40 verbose stack Error: "You cannot publish over the previously published version 0.0.42." : betajs-media-components
40 verbose stack     at makeError (/usr/local/lib/node_modules/npm/node_modules/npm-registry-client/lib/request.js:302:12)
40 verbose stack     at CachingRegistryClient.<anonymous> (/usr/local/lib/node_modules/npm/node_modules/npm-registry-client/lib/request.js:290:14)
40 verbose stack     at Request._callback (/usr/local/lib/node_modules/npm/node_modules/npm-registry-client/lib/request.js:210:14)
40 verbose stack     at Request.self.callback (/usr/local/lib/node_modules/npm/node_modules/request/request.js:187:22)
40 verbose stack     at emitTwo (events.js:106:13)
40 verbose stack     at Request.emit (events.js:191:7)
40 verbose stack     at Request.<anonymous> (/usr/local/lib/node_modules/npm/node_modules/request/request.js:1048:10)
40 verbose stack     at emitOne (events.js:96:13)
40 verbose stack     at Request.emit (events.js:188:7)
40 verbose stack     at IncomingMessage.<anonymous> (/usr/local/lib/node_modules/npm/node_modules/request/request.js:969:12)
41 verbose statusCode 403
42 verbose pkgid betajs-media-components
43 verbose cwd /Users/oliverfriedmann/Projects/Beta/betajs-media-components
44 error Darwin 16.4.0
45 error argv "/usr/local/Cellar/node/7.3.0/bin/node" "/usr/local/bin/npm" "publish"
46 error node v7.3.0
47 error npm  v3.10.10
48 error code E403
49 error "You cannot publish over the previously published version 0.0.42." : betajs-media-components
50 error If you need help, you may report this error at:
50 error     <https://github.com/npm/npm/issues>
51 verbose exit [ 1, true ]
